e:\personal\johns hopkins university\capstone\user_sample\enclave1\consoleapplication\debug\consoleapplication.pch
e:\personal\johns hopkins university\capstone\user_sample\enclave1\consoleapplication\debug\vc141.pdb
e:\personal\johns hopkins university\capstone\user_sample\enclave1\consoleapplication\debug\vc141.idb
e:\personal\johns hopkins university\capstone\user_sample\enclave1\consoleapplication\debug\pch.obj
e:\personal\johns hopkins university\capstone\user_sample\enclave1\consoleapplication\debug\consoleapplication.obj
e:\personal\johns hopkins university\capstone\user_sample\enclave1\consoleapplication\debug\enclave1_u.obj
e:\personal\johns hopkins university\capstone\user_sample\enclave1\consoleapplication\enclave1_u.h
e:\personal\johns hopkins university\capstone\user_sample\enclave1\consoleapplication\enclave1_u.c
e:\personal\johns hopkins university\capstone\user_sample\enclave1\debug\consoleapplication.ilk
e:\personal\johns hopkins university\capstone\user_sample\enclave1\debug\consoleapplication.exe
e:\personal\johns hopkins university\capstone\user_sample\enclave1\debug\consoleapplication.pdb
e:\personal\johns hopkins university\capstone\user_sample\enclave1\consoleapplication\debug\consolea.b73ea8f3.tlog\cl.command.1.tlog
e:\personal\johns hopkins university\capstone\user_sample\enclave1\consoleapplication\debug\consolea.b73ea8f3.tlog\cl.read.1.tlog
e:\personal\johns hopkins university\capstone\user_sample\enclave1\consoleapplication\debug\consolea.b73ea8f3.tlog\cl.write.1.tlog
e:\personal\johns hopkins university\capstone\user_sample\enclave1\consoleapplication\debug\consolea.b73ea8f3.tlog\custombuild.command.1.tlog
e:\personal\johns hopkins university\capstone\user_sample\enclave1\consoleapplication\debug\consolea.b73ea8f3.tlog\custombuild.read.1.tlog
e:\personal\johns hopkins university\capstone\user_sample\enclave1\consoleapplication\debug\consolea.b73ea8f3.tlog\custombuild.write.1.tlog
e:\personal\johns hopkins university\capstone\user_sample\enclave1\consoleapplication\debug\consolea.b73ea8f3.tlog\link.command.1.tlog
e:\personal\johns hopkins university\capstone\user_sample\enclave1\consoleapplication\debug\consolea.b73ea8f3.tlog\link.read.1.tlog
e:\personal\johns hopkins university\capstone\user_sample\enclave1\consoleapplication\debug\consolea.b73ea8f3.tlog\link.write.1.tlog
