  Creating proxy/bridge routines
  Enclave1.cpp
z:\personal\johns hopkins university\capstone\code\phase2\enclave1\enclave1\enclave1.cpp(47): warning C4101: 'iv': unreferenced local variable
z:\personal\johns hopkins university\capstone\code\phase2\enclave1\enclave1\enclave1.cpp(52): warning C4101: 'ret': unreferenced local variable
  Enclave1_t.c
     Creating library Z:\Personal\Johns Hopkins University\Capstone\Code\Phase2\Enclave1\Debug\Enclave1.lib and object Z:\Personal\Johns Hopkins University\Capstone\Code\Phase2\Enclave1\Debug\Enclave1.exp
  Enclave1.vcxproj -> Z:\Personal\Johns Hopkins University\Capstone\Code\Phase2\Enclave1\Debug\Enclave1.dll
  sign the enclave
  The required memory is 0x16c000.
  Succeed.
  <EnclaveConfiguration>
      <ProdID>0</ProdID>
      <ISVSVN>0</ISVSVN>
      <StackMaxSize>0x40000</StackMaxSize>
      <HeapMaxSize>0x100000</HeapMaxSize>
      <TCSNum>1</TCSNum>
      <TCSPolicy>1</TCSPolicy>
      <DisableDebug>0</DisableDebug>
      <MiscSelect>0</MiscSelect>
      <MiscMask>0xFFFFFFFF</MiscMask>
  </EnclaveConfiguration>
